Added Component: Designator=C1(CAP 0603 3D)
Added Component: Designator=C2(Tant A)
Added Component: Designator=C3(CAP 0603 3D)
Added Component: Designator=C4(CAP 0603 3D)
Added Component: Designator=C5(Tant A)
Added Component: Designator=C6(CAP 0603 3D)
Added Component: Designator=C7(CAP 0603 3D)
Added Component: Designator=C8(CAP 0603 3D)
Added Component: Designator=C9(CAP 0603 3D)
Added Component: Designator=C10(CAP 0603 3D)
Added Component: Designator=C11(CAP 0603 3D)
Added Component: Designator=C12(CAP 0603 3D)
Added Component: Designator=C13(CAP 0603 3D)
Added Component: Designator=C14(CAP 0603 3D)
Added Component: Designator=C15(CAP 0603 3D)
Added Component: Designator=C16(CAP 0603 3D)
Added Component: Designator=C17(CAP 0603 3D)
Added Component: Designator=C18(CAP 0603 3D)
Added Component: Designator=C19(CAP 0603 3D)
Added Component: Designator=DA1(DPAK)
Added Component: Designator=DA2(DPAK)
Added Component: Designator=DA3(SOIC-8 150mil)
Added Component: Designator=DA4(SOT23-6)
Added Component: Designator=DA5(SOP-8)
Added Component: Designator=R1(Res_0603 3D)
Added Component: Designator=R2(Res_0603 3D)
Added Component: Designator=R3(Res_0603 3D)
Added Component: Designator=R4(Res_0603 3D)
Added Component: Designator=R?(Res_2512 3D)
Added Component: Designator=VT1(TO-92 EBC (2))
Added Component: Designator=VT2(TO-92 EBC (2))
Added Component: Designator=XS1(Degson_DG301-5.0-02P-1X)
Added Component: Designator=XS2(Degson_DG301-5.0-04P-1X)
Added Component: Designator=XS3(Degson_DG301-5.0-02P-1X)
Added Component: Designator=XS4(Degson_DG301-5.0-02P-1X)
Added Pin To Net: NetName=-12V Pin=C10-1
Added Pin To Net: NetName=-12V Pin=C11-2
Added Pin To Net: NetName=-12V Pin=C12-1
Added Pin To Net: NetName=-12V Pin=DA3-4
Added Pin To Net: NetName=-12V Pin=XS2-2
Added Net: Name=-12V
Added Pin To Net: NetName=3Â3 Pin=C5-1
Added Pin To Net: NetName=3Â3 Pin=C6-1
Added Pin To Net: NetName=3Â3 Pin=DA2-3
Added Pin To Net: NetName=3Â3 Pin=R3-2
Added Pin To Net: NetName=3Â3 Pin=R4-2
Added Net: Name=3Â3
Added Pin To Net: NetName=5V Pin=C2-1
Added Pin To Net: NetName=5V Pin=C3-1
Added Pin To Net: NetName=5V Pin=C4-1
Added Pin To Net: NetName=5V Pin=C14-1
Added Pin To Net: NetName=5V Pin=C15-1
Added Pin To Net: NetName=5V Pin=C16-1
Added Pin To Net: NetName=5V Pin=C17-1
Added Pin To Net: NetName=5V Pin=C18-1
Added Pin To Net: NetName=5V Pin=C19-1
Added Pin To Net: NetName=5V Pin=DA1-3
Added Pin To Net: NetName=5V Pin=DA2-1
Added Pin To Net: NetName=5V Pin=DA4-3
Added Pin To Net: NetName=5V Pin=DA5-5
Added Pin To Net: NetName=5V Pin=VT1-2
Added Net: Name=5V
Added Pin To Net: NetName=12V Pin=C1-2
Added Pin To Net: NetName=12V Pin=C7-1
Added Pin To Net: NetName=12V Pin=C8-2
Added Pin To Net: NetName=12V Pin=C9-1
Added Pin To Net: NetName=12V Pin=DA1-1
Added Pin To Net: NetName=12V Pin=DA3-8
Added Pin To Net: NetName=12V Pin=XS2-1
Added Net: Name=12V
Added Pin To Net: NetName=ADDRESS Pin=DA4-6
Added Pin To Net: NetName=ADDRESS Pin=DA5-1
Added Pin To Net: NetName=ADDRESS Pin=DA5-2
Added Pin To Net: NetName=ADDRESS Pin=R2-2
Added Pin To Net: NetName=ADDRESS Pin=XS2-4
Added Net: Name=ADDRESS
Added Pin To Net: NetName=GND Pin=C1-1
Added Pin To Net: NetName=GND Pin=C2-2
Added Pin To Net: NetName=GND Pin=C3-2
Added Pin To Net: NetName=GND Pin=C4-2
Added Pin To Net: NetName=GND Pin=C5-2
Added Pin To Net: NetName=GND Pin=C6-2
Added Pin To Net: NetName=GND Pin=C7-2
Added Pin To Net: NetName=GND Pin=C8-1
Added Pin To Net: NetName=GND Pin=C9-2
Added Pin To Net: NetName=GND Pin=C10-2
Added Pin To Net: NetName=GND Pin=C11-1
Added Pin To Net: NetName=GND Pin=C12-2
Added Pin To Net: NetName=GND Pin=C13-2
Added Pin To Net: NetName=GND Pin=C14-2
Added Pin To Net: NetName=GND Pin=C15-2
Added Pin To Net: NetName=GND Pin=C16-2
Added Pin To Net: NetName=GND Pin=C17-2
Added Pin To Net: NetName=GND Pin=C18-2
Added Pin To Net: NetName=GND Pin=C19-2
Added Pin To Net: NetName=GND Pin=DA1-2
Added Pin To Net: NetName=GND Pin=DA2-2
Added Pin To Net: NetName=GND Pin=DA4-2
Added Pin To Net: NetName=GND Pin=DA5-6
Added Pin To Net: NetName=GND Pin=R2-1
Added Pin To Net: NetName=GND Pin=VT2-2
Added Pin To Net: NetName=GND Pin=XS2-3
Added Pin To Net: NetName=GND Pin=XS3-2
Added Net: Name=GND
Added Pin To Net: NetName=NEAGTIVE_FEEDBACK Pin=DA3-6
Added Pin To Net: NetName=NEAGTIVE_FEEDBACK Pin=DA5-7
Added Pin To Net: NetName=NEAGTIVE_FEEDBACK Pin=R?-2
Added Pin To Net: NetName=NEAGTIVE_FEEDBACK Pin=XS3-1
Added Net: Name=NEAGTIVE_FEEDBACK
Added Pin To Net: NetName=NetC13_1 Pin=C13-1
Added Pin To Net: NetName=NetC13_1 Pin=DA3-5
Added Pin To Net: NetName=NetC13_1 Pin=R1-1
Added Net: Name=NetC13_1
Added Pin To Net: NetName=NetDA3_7 Pin=DA3-7
Added Pin To Net: NetName=NetDA3_7 Pin=VT1-1
Added Pin To Net: NetName=NetDA3_7 Pin=VT2-1
Added Net: Name=NetDA3_7
Added Pin To Net: NetName=NetDA4_1 Pin=DA4-1
Added Pin To Net: NetName=NetDA4_1 Pin=R1-2
Added Net: Name=NetDA4_1
Added Pin To Net: NetName=NetDA5_8 Pin=DA5-8
Added Pin To Net: NetName=NetDA5_8 Pin=R?-1
Added Pin To Net: NetName=NetDA5_8 Pin=VT1-3
Added Pin To Net: NetName=NetDA5_8 Pin=VT2-3
Added Net: Name=NetDA5_8
Added Pin To Net: NetName=SCL Pin=DA4-5
Added Pin To Net: NetName=SCL Pin=DA5-4
Added Pin To Net: NetName=SCL Pin=R3-1
Added Pin To Net: NetName=SCL Pin=XS1-2
Added Pin To Net: NetName=SCL Pin=XS4-1
Added Net: Name=SCL
Added Pin To Net: NetName=SDA Pin=DA4-4
Added Pin To Net: NetName=SDA Pin=DA5-3
Added Pin To Net: NetName=SDA Pin=R4-1
Added Pin To Net: NetName=SDA Pin=XS1-1
Added Pin To Net: NetName=SDA Pin=XS4-2
Added Net: Name=SDA
Added Class: Name=Ńőĺěŕ ýëĺęňđč÷ĺńęŕ˙ ďđčíöčďčŕëüíŕ˙ čěčňŕöčč íŕďđ˙ćĺíč˙, ňîęŕ č ńîďđîňčâëĺíč˙
Added Room: Name=Ńőĺěŕ ýëĺęňđč÷ĺńęŕ˙ ďđčíöčďčŕëüíŕ˙ čěčňŕöčč íŕďđ˙ćĺíč˙, ňîęŕ č ńîďđîňčâëĺíč˙
Added Rule: Name=Schematic Supply Nets
Added Rule: Name=Schematic Supply Nets_1
Added Rule: Name=Schematic Supply Nets_2
Added Rule: Name=Schematic Supply Nets_3
Added Rule: Name=Schematic Supply Nets_4
